2023-07-26 10:32:22,415 INFO o.a.j.u.JMeterUtils: Setting Locale to en_EN
2023-07-26 10:32:22,454 INFO o.a.j.JMeter: Loading user properties from: C:\Users\GANRAJA\OneDrive - Capgemini\Desktop\JMeter\apache-jmeter-5.6\apache-jmeter-5.6\bin\user.properties
2023-07-26 10:32:22,454 INFO o.a.j.JMeter: Loading system properties from: C:\Users\GANRAJA\OneDrive - Capgemini\Desktop\JMeter\apache-jmeter-5.6\apache-jmeter-5.6\bin\system.properties
2023-07-26 10:32:22,469 INFO o.a.j.JMeter: Copyright (c) 1998-2023 The Apache Software Foundation
2023-07-26 10:32:22,469 INFO o.a.j.JMeter: Version 5.6
2023-07-26 10:32:22,469 INFO o.a.j.JMeter: java.version=17.0.3
2023-07-26 10:32:22,469 INFO o.a.j.JMeter: java.vm.name=OpenJDK 64-Bit Server VM
2023-07-26 10:32:22,469 INFO o.a.j.JMeter: os.name=Windows 11
2023-07-26 10:32:22,469 INFO o.a.j.JMeter: os.arch=amd64
2023-07-26 10:32:22,469 INFO o.a.j.JMeter: os.version=10.0
2023-07-26 10:32:22,469 INFO o.a.j.JMeter: file.encoding=Cp1252
2023-07-26 10:32:22,469 INFO o.a.j.JMeter: java.awt.headless=true
2023-07-26 10:32:22,469 INFO o.a.j.JMeter: Max memory     =1073741824
2023-07-26 10:32:22,470 INFO o.a.j.JMeter: Available Processors =8
2023-07-26 10:32:22,488 INFO o.a.j.JMeter: Default Locale=English (EN)
2023-07-26 10:32:22,488 INFO o.a.j.JMeter: JMeter  Locale=English (EN)
2023-07-26 10:32:22,489 INFO o.a.j.JMeter: JMeterHome=C:\Users\GANRAJA\OneDrive - Capgemini\Desktop\JMeter\apache-jmeter-5.6\apache-jmeter-5.6
2023-07-26 10:32:22,489 INFO o.a.j.JMeter: user.dir  =C:\git\JMeter_Repository
2023-07-26 10:32:22,489 INFO o.a.j.JMeter: PWD       =C:\git\JMeter_Repository
2023-07-26 10:32:22,494 INFO o.a.j.JMeter: IP: 10.246.187.44 Name: LIN80019598 FullName: LIN80019598.corp.capgemini.com
2023-07-26 10:32:22,519 INFO o.a.j.s.FileServer: Default base='C:\git\JMeter_Repository'
2023-07-26 10:32:22,520 INFO o.a.j.s.FileServer: Set new base='C:\git\JMeter_Repository'
2023-07-26 10:32:22,786 INFO o.a.j.s.SaveService: Testplan (JMX) version: 2.2. Testlog (JTL) version: 2.2
2023-07-26 10:32:22,827 INFO o.a.j.s.SaveService: Using SaveService properties version 5.0
2023-07-26 10:32:22,830 INFO o.a.j.s.SaveService: Using SaveService properties file encoding UTF-8
2023-07-26 10:32:22,834 INFO o.a.j.s.SaveService: Loading file: sample.jmx
2023-07-26 10:32:22,889 INFO o.a.j.p.h.c.CookieManager: Settings: Delete null: true Check: true Allow variable: true Save: false Prefix: COOKIE_
2023-07-26 10:32:22,894 INFO o.a.j.p.h.c.CacheManager: Will only cache the following methods: [GET]
2023-07-26 10:32:22,929 INFO o.a.j.p.h.s.HTTPSamplerBase: Parser for text/html is org.apache.jmeter.protocol.http.parser.LagartoBasedHtmlParser
2023-07-26 10:32:22,929 INFO o.a.j.p.h.s.HTTPSamplerBase: Parser for application/xhtml+xml is org.apache.jmeter.protocol.http.parser.LagartoBasedHtmlParser
2023-07-26 10:32:22,929 INFO o.a.j.p.h.s.HTTPSamplerBase: Parser for application/xml is org.apache.jmeter.protocol.http.parser.LagartoBasedHtmlParser
2023-07-26 10:32:22,929 INFO o.a.j.p.h.s.HTTPSamplerBase: Parser for text/xml is org.apache.jmeter.protocol.http.parser.LagartoBasedHtmlParser
2023-07-26 10:32:22,930 INFO o.a.j.p.h.s.HTTPSamplerBase: Parser for text/vnd.wap.wml is org.apache.jmeter.protocol.http.parser.RegexpHTMLParser
2023-07-26 10:32:22,930 INFO o.a.j.p.h.s.HTTPSamplerBase: Parser for text/css is org.apache.jmeter.protocol.http.parser.CssParser
2023-07-26 10:32:23,017 INFO o.a.j.JMeter: Creating summariser <summary>
2023-07-26 10:32:23,062 INFO o.a.j.e.StandardJMeterEngine: Running the test!
2023-07-26 10:32:23,065 INFO o.a.j.s.SampleEvent: List of sample_variables: []
2023-07-26 10:32:23,065 INFO o.a.j.s.SampleEvent: List of sample_variables: []
2023-07-26 10:32:23,087 INFO o.a.j.e.u.CompoundVariable: Note: Function class names must contain the string: '.functions.'
2023-07-26 10:32:23,088 INFO o.a.j.e.u.CompoundVariable: Note: Function class names must not contain the string: '.gui.'
2023-07-26 10:32:23,324 INFO o.a.j.JMeter: Running test (1690347743324)
2023-07-26 10:32:23,348 INFO o.a.j.e.StandardJMeterEngine: Starting ThreadGroup: 1 : Thread Group
2023-07-26 10:32:23,349 INFO o.a.j.e.StandardJMeterEngine: Starting 1 threads for group Thread Group.
2023-07-26 10:32:23,349 INFO o.a.j.e.StandardJMeterEngine: Thread will continue on error
2023-07-26 10:32:23,349 INFO o.a.j.t.ThreadGroup: Starting thread group... number=1 threads=1 ramp-up=1 delayedStart=false
2023-07-26 10:32:23,358 INFO o.a.j.t.ThreadGroup: Started thread group number 1
2023-07-26 10:32:23,358 INFO o.a.j.e.StandardJMeterEngine: All thread groups have been started
2023-07-26 10:32:23,364 INFO o.a.j.s.SampleResult: Note: Sample TimeStamps are START times
2023-07-26 10:32:23,365 INFO o.a.j.s.SampleResult: sampleresult.default.encoding is set to ISO-8859-1
2023-07-26 10:32:23,365 INFO o.a.j.s.SampleResult: sampleresult.useNanoTime=true
2023-07-26 10:32:23,365 INFO o.a.j.s.SampleResult: sampleresult.nanoThreadSleep=5000
2023-07-26 10:32:23,366 INFO o.a.j.t.JMeterThread: Thread started: Thread Group 1-1
2023-07-26 10:32:23,387 INFO o.a.j.p.h.s.HTTPHCAbstractImpl: Local host = LIN80019598
2023-07-26 10:32:23,393 INFO o.a.j.p.h.s.HTTPHC4Impl: HTTP request retry count = 0
2023-07-26 10:32:23,476 INFO o.a.j.p.h.s.h.LazyLayeredConnectionSocketFactory: Setting up HTTPS TrustAll Socket Factory
2023-07-26 10:32:23,485 INFO o.a.j.u.JsseSSLManager: Using default SSL protocol: TLS
2023-07-26 10:32:23,485 INFO o.a.j.u.JsseSSLManager: SSL session context: per-thread
2023-07-26 10:32:23,649 INFO o.a.j.u.SSLManager: JmeterKeyStore Location:  type JKS
2023-07-26 10:32:23,654 INFO o.a.j.u.SSLManager: KeyStore created OK
2023-07-26 10:32:23,654 WARN o.a.j.u.SSLManager: Keystore file not found, loading empty keystore
2023-07-26 10:32:26,805 INFO o.a.j.t.JMeterThread: Thread finished: Thread Group 1-1
2023-07-26 10:32:26,810 INFO o.a.j.e.StandardJMeterEngine: Notifying test listeners of end of test
2023-07-26 10:32:26,812 INFO o.a.j.r.Summariser: summary =     10 in 00:00:03 =    2.9/s Avg:   330 Min:   123 Max:  1407 Err:     0 (0.00%)
